<?xml version="1.0" encoding="UTF-8"?>
<testsuite xmlns:xsi="http://www.w3.org/2001/XMLSchema-instance" xsi:noNamespaceSchemaLocation="https://maven.apache.org/surefire/maven-surefire-plugin/xsd/surefire-test-report.xsd" version="3.0.2" name="com.poc.a11y.cloud.CloudPlatformTest" time="0.156" tests="4" errors="0" skipped="0" failures="0">
  <properties>
[...]
</properties>
  <testcase name="parsesVendorAliases" classname="com.poc.a11y.cloud.CloudPlatformTest" time="0.072"/>
  <testcase name="virtualDeviceWithoutCloudPlatformIsSauceLabs" classname="com.poc.a11y.cloud.CloudPlatformTest" time="0.017"/>
  <testcase name="rejectsUnknownPlatform" classname="com.poc.a11y.cloud.CloudPlatformTest" time="0.005"/>
  <testcase name="explicitCloudPlatformWinsOverVirtualDeviceFlag" classname="com.poc.a11y.cloud.CloudPlatformTest" time="0.003"/>
</testsuite>